2025-04-22 19:58:00.176 | INFO     | marn_x.utils.settings:__init__:83 - Retrieved 35 variables for worstenbroodjes
2025-04-22 19:58:00.179 | INFO     | marn_x.utils.file_operations:get_api_data:274 - API Call. Endpoint: https://wikimedia.org/api/rest_v1/metrics/pageviews/per-article/nl.wikipedia.org/all-access/user/Brabants_worstenbroodje/daily/20230131/20250105, headers: {'User-Agent': 'Marn-X/0.1 (marnix.ober@student.hu.nl)'}, payload: {}
2025-04-22 19:58:00.695 | INFO     | marn_x.utils.file_operations:get_api_data:282 - API HTML response-code 200
2025-04-22 19:58:00.715 | INFO     | marn_x.utils.file_operations:__init__:83 - Loaded dataframe from input.wikipedia_api
2025-04-23 11:21:17.854 | INFO     | marn_x.utils.settings:__init__:87 - Retrieved 30 variables for full_stopping_and_thinking
2025-04-23 11:21:18.952 | INFO     | marn_x.utils.file_operations:__init__:83 - Loaded dataframe from input.familie
2025-04-23 11:21:18.952 | INFO     | marn_x.utils.file_operations:__init__:83 - Loaded dataframe from input.vrienden
2025-04-23 11:21:18.977 | INFO     | marn_x.utils.file_operations:merge:152 - Merged 2 dataframes.
2025-04-23 11:21:25.900 | SUCCESS  | marn_x.utils.settings:to_png:458 - Successfully saved plot to /home/azureuser/dav-marnix/data/processed/full_stopping_and_thinking-20250423-112125.png
2025-04-23 11:21:25.942 | INFO     | marn_x.utils.settings:__init__:87 - Retrieved 35 variables for worstenbroodjes
2025-04-23 11:21:25.949 | INFO     | marn_x.utils.file_operations:get_api_data:274 - API Call. Endpoint: https://wikimedia.org/api/rest_v1/metrics/pageviews/per-article/nl.wikipedia.org/all-access/user/Brabants_worstenbroodje/daily/20230131/20250105, headers: {'User-Agent': 'Marn-X/0.1 (marnix.ober@student.hu.nl)'}, payload: {}
2025-04-23 11:21:26.404 | INFO     | marn_x.utils.file_operations:get_api_data:282 - API HTML response-code 200
2025-04-23 11:21:26.423 | INFO     | marn_x.utils.file_operations:__init__:83 - Loaded dataframe from input.wikipedia_api
2025-04-23 11:21:27.219 | SUCCESS  | marn_x.utils.settings:to_png:458 - Successfully saved plot to /home/azureuser/dav-marnix/data/processed/worstenbroodjes-20250423-112126.png
2025-04-23 11:21:27.259 | INFO     | marn_x.utils.settings:__init__:87 - Retrieved 25 variables for interpunctuality
2025-04-23 11:21:27.473 | INFO     | marn_x.utils.file_operations:__init__:83 - Loaded dataframe from input.familie
2025-04-23 11:21:27.473 | INFO     | marn_x.utils.file_operations:__init__:83 - Loaded dataframe from input.vrienden
2025-04-23 11:21:27.494 | INFO     | marn_x.utils.file_operations:merge:152 - Merged 2 dataframes.
2025-04-23 11:21:33.730 | SUCCESS  | marn_x.utils.settings:to_png:458 - Successfully saved plot to /home/azureuser/dav-marnix/data/processed/interpunctuality-20250423-112133.png
2025-04-23 11:21:33.779 | INFO     | marn_x.utils.settings:__init__:87 - Retrieved 29 variables for congratulations
2025-04-23 11:21:33.799 | INFO     | marn_x.utils.file_operations:__init__:83 - Loaded dataframe from input.chat
2025-04-23 11:21:33.800 | INFO     | marn_x.utils.file_operations:__init__:83 - Loaded dataframe from input.hue
2025-04-23 11:21:33.800 | INFO     | marn_x.utils.file_operations:__init__:83 - Loaded dataframe from input.birthdates
2025-04-23 11:21:33.831 | WARNING  | marn_x.utils.data_transformers:birthday_congratulations:560 - No birthday for sudsy-mandrill in birthday-JSON, continuing...
2025-04-23 11:21:33.832 | WARNING  | marn_x.utils.data_transformers:birthday_congratulations:560 - No birthday for blithe-goat in birthday-JSON, continuing...
2025-04-23 11:21:33.878 | WARNING  | marn_x.utils.data_transformers:birthday_congratulations:560 - No birthday for splattered-barracuda in birthday-JSON, continuing...
2025-04-23 11:21:33.879 | WARNING  | marn_x.utils.data_transformers:birthday_congratulations:560 - No birthday for far-out-bear in birthday-JSON, continuing...
2025-04-23 11:21:33.887 | WARNING  | marn_x.utils.data_transformers:birthday_congratulations:560 - No birthday for convivial-human in birthday-JSON, continuing...
2025-04-23 11:21:34.952 | SUCCESS  | marn_x.utils.settings:to_png:458 - Successfully saved plot to /home/azureuser/dav-marnix/data/processed/congratulations-20250423-112134.png
2025-04-23 11:21:34.990 | INFO     | marn_x.utils.settings:__init__:87 - Retrieved 43 variables for family_group_chat_topics
2025-04-23 11:21:35.360 | INFO     | marn_x.utils.file_operations:__init__:83 - Loaded dataframe from input.chat
2025-04-23 11:21:35.360 | INFO     | marn_x.utils.file_operations:__init__:83 - Loaded dataframe from input.stopwords
2025-04-23 11:21:35.369 | INFO     | marn_x.utils.file_operations:merge:152 - Merged 2 dataframes.
2025-04-23 11:21:36.670 | INFO     | marn_x.family_group_chat_topics:get_pretrained_model:270 - Retrieving model bertopic_markIII. This could take some time...
2025-04-23 11:24:29.220 | SUCCESS  | marn_x.utils.settings:to_html:499 - Successfully saved plot to /home/azureuser/dav-marnix/data/processed/family_group_chat_topics-20250423-112429.html
2025-04-23 12:06:35.868 | INFO     | marn_x.utils.settings:__init__:87 - Retrieved 30 variables for full_stopping_and_thinking
2025-04-23 12:06:36.112 | INFO     | marn_x.utils.file_operations:__init__:83 - Loaded dataframe from input.familie
2025-04-23 12:06:36.112 | INFO     | marn_x.utils.file_operations:__init__:83 - Loaded dataframe from input.vrienden
2025-04-23 12:06:36.132 | INFO     | marn_x.utils.file_operations:merge:152 - Merged 2 dataframes.
2025-04-23 12:06:41.078 | SUCCESS  | marn_x.utils.settings:to_png:458 - Successfully saved plot to /home/azureuser/dav-marnix/data/processed/full_stopping_and_thinking-20250423-120640.png
2025-04-23 12:10:18.493 | INFO     | marn_x.utils.settings:__init__:87 - Retrieved 30 variables for full_stopping_and_thinking
2025-04-23 12:10:18.742 | INFO     | marn_x.utils.file_operations:__init__:83 - Loaded dataframe from input.familie
2025-04-23 12:10:18.742 | INFO     | marn_x.utils.file_operations:__init__:83 - Loaded dataframe from input.vrienden
2025-04-23 12:10:18.761 | INFO     | marn_x.utils.file_operations:merge:152 - Merged 2 dataframes.
2025-04-23 12:10:23.941 | SUCCESS  | marn_x.utils.settings:to_png:458 - Successfully saved plot to /home/azureuser/dav-marnix/data/processed/full_stopping_and_thinking-20250423-121023.png
